2022-12-04T10:19:07+00:00 DEBUG Tt4b_Pixel_Class::inject_view_content_event: hit injectViewContentEvent
2022-12-04T10:19:07+00:00 DEBUG Tt4b_Pixel_Class::inject_view_content_event: Missing option "access_token"
2022-12-04T10:19:15+00:00 DEBUG Tt4b_Pixel_Class::inject_add_to_cart_event: hit injectAddToCartEvent
2022-12-04T10:19:15+00:00 DEBUG Tt4b_Pixel_Class::inject_add_to_cart_event: Missing option "access_token"
2022-12-04T17:44:08+00:00 DEBUG tt4b_product_sync: missing access token for tt4b_product_sync
2022-12-04T17:44:51+00:00 DEBUG Tt4b_Pixel_Class::inject_view_content_event: hit injectViewContentEvent
2022-12-04T17:44:51+00:00 DEBUG Tt4b_Pixel_Class::inject_view_content_event: Missing option "access_token"
2022-12-04T17:48:50+00:00 DEBUG tt4b_product_sync: missing access token for tt4b_product_sync
2022-12-04T17:49:54+00:00 DEBUG tt4b_product_sync: missing access token for tt4b_product_sync
2022-12-04T17:51:14+00:00 DEBUG tt4b_product_sync: missing access token for tt4b_product_sync
2022-12-04T17:56:59+00:00 DEBUG tt4b_product_sync: missing access token for tt4b_product_sync
2022-12-04T17:57:34+00:00 DEBUG Tt4b_Pixel_Class::inject_view_content_event: hit injectViewContentEvent
2022-12-04T17:57:34+00:00 DEBUG Tt4b_Pixel_Class::inject_view_content_event: Missing option "access_token"
2022-12-04T17:58:26+00:00 DEBUG tt4b_product_sync: missing access token for tt4b_product_sync
2022-12-04T18:00:20+00:00 DEBUG tt4b_product_sync: missing access token for tt4b_product_sync
2022-12-04T18:01:27+00:00 DEBUG tt4b_product_sync: missing access token for tt4b_product_sync
2022-12-04T18:10:53+00:00 DEBUG tt4b_product_sync: missing access token for tt4b_product_sync
2022-12-04T18:12:14+00:00 DEBUG tt4b_product_sync: missing access token for tt4b_product_sync
2022-12-04T18:13:35+00:00 DEBUG tt4b_product_sync: missing access token for tt4b_product_sync
2022-12-04T18:14:44+00:00 DEBUG tt4b_product_sync: missing access token for tt4b_product_sync
2022-12-04T18:16:08+00:00 DEBUG tt4b_product_sync: missing access token for tt4b_product_sync
2022-12-04T18:17:42+00:00 DEBUG tt4b_product_sync: missing access token for tt4b_product_sync
2022-12-04T18:18:40+00:00 DEBUG tt4b_product_sync: missing access token for tt4b_product_sync
2022-12-04T18:19:46+00:00 DEBUG tt4b_product_sync: missing access token for tt4b_product_sync
2022-12-04T18:23:32+00:00 DEBUG tt4b_product_sync: missing access token for tt4b_product_sync
2022-12-04T18:24:49+00:00 DEBUG tt4b_product_sync: missing access token for tt4b_product_sync
2022-12-04T18:28:02+00:00 DEBUG tt4b_product_sync: missing access token for tt4b_product_sync
2022-12-04T18:29:52+00:00 DEBUG tt4b_product_sync: missing access token for tt4b_product_sync
2022-12-04T18:31:13+00:00 DEBUG tt4b_product_sync: missing access token for tt4b_product_sync
2022-12-04T18:33:07+00:00 DEBUG tt4b_product_sync: missing access token for tt4b_product_sync
2022-12-04T18:34:30+00:00 DEBUG tt4b_product_sync: missing access token for tt4b_product_sync
2022-12-04T18:35:53+00:00 DEBUG tt4b_product_sync: missing access token for tt4b_product_sync
2022-12-04T18:38:25+00:00 DEBUG tt4b_product_sync: missing access token for tt4b_product_sync
2022-12-04T18:39:18+00:00 DEBUG tt4b_product_sync: missing access token for tt4b_product_sync
