2022-12-05T08:51:48+00:00 DEBUG Tt4b_Pixel_Class::inject_view_content_event: hit injectViewContentEvent
2022-12-05T08:51:48+00:00 DEBUG Tt4b_Pixel_Class::inject_view_content_event: Missing option "access_token"
2022-12-05T08:51:53+00:00 DEBUG Tt4b_Pixel_Class::inject_add_to_cart_event: hit injectAddToCartEvent
2022-12-05T08:51:53+00:00 DEBUG Tt4b_Pixel_Class::inject_add_to_cart_event: Missing option "access_token"
2022-12-05T09:24:14+00:00 DEBUG Tt4b_Pixel_Class::inject_start_checkout: hit injectStartCheckout
2022-12-05T09:24:14+00:00 DEBUG Tt4b_Pixel_Class::inject_start_checkout: Missing option "access_token"
2022-12-05T09:45:54+00:00 DEBUG Tt4b_Pixel_Class::inject_start_checkout: hit injectStartCheckout
2022-12-05T09:45:54+00:00 DEBUG Tt4b_Pixel_Class::inject_start_checkout: Missing option "access_token"
2022-12-05T10:29:16+00:00 DEBUG Tt4b_Pixel_Class::inject_view_content_event: hit injectViewContentEvent
2022-12-05T10:29:16+00:00 DEBUG Tt4b_Pixel_Class::inject_view_content_event: Missing option "access_token"
2022-12-05T10:29:17+00:00 DEBUG Tt4b_Pixel_Class::inject_view_content_event: hit injectViewContentEvent
2022-12-05T10:29:17+00:00 DEBUG Tt4b_Pixel_Class::inject_view_content_event: Missing option "access_token"
2022-12-05T10:29:20+00:00 DEBUG Tt4b_Pixel_Class::inject_view_content_event: hit injectViewContentEvent
2022-12-05T10:29:20+00:00 DEBUG Tt4b_Pixel_Class::inject_view_content_event: Missing option "access_token"
2022-12-05T13:53:07+00:00 DEBUG tt4b_product_sync: missing access token for tt4b_product_sync
2022-12-05T13:53:52+00:00 DEBUG Tt4b_Pixel_Class::inject_view_content_event: hit injectViewContentEvent
2022-12-05T13:53:52+00:00 DEBUG Tt4b_Pixel_Class::inject_view_content_event: Missing option "access_token"
2022-12-05T13:54:34+00:00 DEBUG tt4b_product_sync: missing access token for tt4b_product_sync
2022-12-05T13:55:09+00:00 DEBUG tt4b_product_sync: missing access token for tt4b_product_sync
2022-12-05T13:57:28+00:00 DEBUG tt4b_product_sync: missing access token for tt4b_product_sync
2022-12-05T14:01:34+00:00 DEBUG Tt4b_Pixel_Class::inject_view_content_event: hit injectViewContentEvent
2022-12-05T14:01:34+00:00 DEBUG Tt4b_Pixel_Class::inject_view_content_event: Missing option "access_token"
2022-12-05T16:22:36+00:00 DEBUG tt4b_product_sync: missing access token for tt4b_product_sync
2022-12-05T16:27:10+00:00 DEBUG tt4b_product_sync: missing access token for tt4b_product_sync
2022-12-05T16:29:47+00:00 DEBUG tt4b_product_sync: missing access token for tt4b_product_sync
2022-12-05T16:31:04+00:00 DEBUG tt4b_product_sync: missing access token for tt4b_product_sync
2022-12-05T16:32:07+00:00 DEBUG tt4b_product_sync: missing access token for tt4b_product_sync
2022-12-05T16:33:41+00:00 DEBUG tt4b_product_sync: missing access token for tt4b_product_sync
2022-12-05T16:34:02+00:00 DEBUG tt4b_product_sync: missing access token for tt4b_product_sync
2022-12-05T16:38:25+00:00 DEBUG tt4b_product_sync: missing access token for tt4b_product_sync
2022-12-05T16:38:44+00:00 DEBUG tt4b_product_sync: missing access token for tt4b_product_sync
2022-12-05T16:40:13+00:00 DEBUG tt4b_product_sync: missing access token for tt4b_product_sync
2022-12-05T16:42:10+00:00 DEBUG tt4b_product_sync: missing access token for tt4b_product_sync
2022-12-05T16:44:05+00:00 DEBUG tt4b_product_sync: missing access token for tt4b_product_sync
2022-12-05T16:46:52+00:00 DEBUG tt4b_product_sync: missing access token for tt4b_product_sync
2022-12-05T16:49:47+00:00 DEBUG tt4b_product_sync: missing access token for tt4b_product_sync
2022-12-05T16:51:14+00:00 DEBUG tt4b_product_sync: missing access token for tt4b_product_sync
2022-12-05T16:53:37+00:00 DEBUG tt4b_product_sync: missing access token for tt4b_product_sync
2022-12-05T16:55:23+00:00 DEBUG tt4b_product_sync: missing access token for tt4b_product_sync
2022-12-05T16:56:28+00:00 DEBUG tt4b_product_sync: missing access token for tt4b_product_sync
2022-12-05T16:59:02+00:00 DEBUG tt4b_product_sync: missing access token for tt4b_product_sync
